# JRE version: Java(TM) SE Runtime Environment (17.0.1+12) (build 17.0.1+12-LTS-39)
# Java VM: Java HotSpot(TM) 64-Bit Server VM (17.0.1+12-LTS-39, mixed mode, sharing, tiered, compressed oops, compressed class ptrs, g1 gc, windows-amd64)
GC Precious Log:
 CPUs: 4 total, 4 available
 Memory: 16267M
 Large Page Support: Disabled
 NUMA Support: Disabled
 Compressed Oops: Enabled (Zero based)
 Heap Region Size: 2M
 Heap Min Capacity: 8M
 Heap Initial Capacity: 256M
 Heap Max Capacity: 4068M
 Pre-touch: Disabled
 Parallel Workers: 4
 Concurrent Workers: 1
 Concurrent Refinement Workers: 4
 Periodic GC: Disabled
Heap:
 garbage-first heap   total 786432K, used 238190K [0x0000000701c00000, 0x0000000800000000)
  region size 2048K, 6 young (12288K), 6 survivors (12288K)
 Metaspace       used 7536K, committed 7680K, reserved 1056768K
  class space    used 832K, committed 896K, reserved 1048576K
GC Heap History (19 events):
Event: 0.644 GC heap before
{Heap before GC invocations=0 (full 0):
 garbage-first heap   total 262144K, used 10240K [0x0000000701c00000, 0x0000000800000000)
  region size 2048K, 6 young (12288K), 0 survivors (0K)
 Metaspace       used 4210K, committed 4352K, reserved 1056768K
  class space    used 484K, committed 576K, reserved 1048576K
}
Event: 0.652 GC heap after
{Heap after GC invocations=1 (full 0):
 garbage-first heap   total 262144K, used 8978K [0x0000000701c00000, 0x0000000800000000)
  region size 2048K, 1 young (2048K), 1 survivors (2048K)
 Metaspace       used 4210K, committed 4352K, reserved 1056768K
  class space    used 484K, committed 576K, reserved 1048576K
}
Event: 0.654 GC heap before
{Heap before GC invocations=1 (full 0):
 garbage-first heap   total 262144K, used 19218K [0x0000000701c00000, 0x0000000800000000)
  region size 2048K, 6 young (12288K), 1 survivors (2048K)
 Metaspace       used 4210K, committed 4352K, reserved 1056768K
  class space    used 484K, committed 576K, reserved 1048576K
}
Event: 0.661 GC heap after
{Heap after GC invocations=2 (full 0):
 garbage-first heap   total 262144K, used 19197K [0x0000000701c00000, 0x0000000800000000)
  region size 2048K, 1 young (2048K), 1 survivors (2048K)
 Metaspace       used 4210K, committed 4352K, reserved 1056768K
  class space    used 484K, committed 576K, reserved 1048576K
}
Event: 0.714 GC heap before
{Heap before GC invocations=2 (full 0):
 garbage-first heap   total 262144K, used 29437K [0x0000000701c00000, 0x0000000800000000)
  region size 2048K, 7 young (14336K), 1 survivors (2048K)
 Metaspace       used 4990K, committed 5184K, reserved 1056768K
  class space    used 555K, committed 640K, reserved 1048576K
}
Event: 0.721 GC heap after
{Heap after GC invocations=3 (full 0):
 garbage-first heap   total 262144K, used 30414K [0x0000000701c00000, 0x0000000800000000)
  region size 2048K, 1 young (2048K), 1 survivors (2048K)
 Metaspace       used 4990K, committed 5184K, reserved 1056768K
  class space    used 555K, committed 640K, reserved 1048576K
}
Event: 1.997 GC heap before
{Heap before GC invocations=3 (full 0):
 garbage-first heap   total 262144K, used 54990K [0x0000000701c00000, 0x0000000800000000)
  region size 2048K, 9 young (18432K), 1 survivors (2048K)
 Metaspace       used 7531K, committed 7680K, reserved 1056768K
  class space    used 831K, committed 896K, reserved 1048576K
}
Event: 2.007 GC heap after
{Heap after GC invocations=4 (full 0):
 garbage-first heap   total 262144K, used 51385K [0x0000000701c00000, 0x0000000800000000)
  region size 2048K, 2 young (4096K), 2 survivors (4096K)
 Metaspace       used 7531K, committed 7680K, reserved 1056768K
  class space    used 831K, committed 896K, reserved 1048576K
}
Event: 2.016 GC heap before
{Heap before GC invocations=4 (full 0):
 garbage-first heap   total 262144K, used 80057K [0x0000000701c00000, 0x0000000800000000)
  region size 2048K, 16 young (32768K), 2 survivors (4096K)
 Metaspace       used 7536K, committed 7680K, reserved 1056768K
  class space    used 832K, committed 896K, reserved 1048576K
}
Event: 2.031 GC heap after
{Heap after GC invocations=5 (full 0):
 garbage-first heap   total 262144K, used 79220K [0x0000000701c00000, 0x0000000800000000)
  region size 2048K, 2 young (4096K), 2 survivors (4096K)
 Metaspace       used 7536K, committed 7680K, reserved 1056768K
  class space    used 832K, committed 896K, reserved 1048576K
}
Event: 2.035 GC heap before
{Heap before GC invocations=5 (full 0):
 garbage-first heap   total 262144K, used 107892K [0x0000000701c00000, 0x0000000800000000)
  region size 2048K, 16 young (32768K), 2 survivors (4096K)
 Metaspace       used 7536K, committed 7680K, reserved 1056768K
  class space    used 832K, committed 896K, reserved 1048576K
}
Event: 2.051 GC heap after
{Heap after GC invocations=6 (full 0):
 garbage-first heap   total 786432K, used 107778K [0x0000000701c00000, 0x0000000800000000)
  region size 2048K, 2 young (4096K), 2 survivors (4096K)
 Metaspace       used 7536K, committed 7680K, reserved 1056768K
  class space    used 832K, committed 896K, reserved 1048576K
}
Event: 2.073 GC heap before
{Heap before GC invocations=6 (full 0):
 garbage-first heap   total 786432K, used 144642K [0x0000000701c00000, 0x0000000800000000)
  region size 2048K, 20 young (40960K), 2 survivors (4096K)
 Metaspace       used 7536K, committed 7680K, reserved 1056768K
  class space    used 832K, committed 896K, reserved 1048576K
}
Event: 2.095 GC heap after
{Heap after GC invocations=7 (full 0):
 garbage-first heap   total 786432K, used 144636K [0x0000000701c00000, 0x0000000800000000)
  region size 2048K, 3 young (6144K), 3 survivors (6144K)
 Metaspace       used 7536K, committed 7680K, reserved 1056768K
  class space    used 832K, committed 896K, reserved 1048576K
}
Event: 2.106 GC heap before
{Heap before GC invocations=7 (full 0):
 garbage-first heap   total 786432K, used 191740K [0x0000000701c00000, 0x0000000800000000)
  region size 2048K, 26 young (53248K), 3 survivors (6144K)
 Metaspace       used 7536K, committed 7680K, reserved 1056768K
  class space    used 832K, committed 896K, reserved 1048576K
}
Event: 2.121 GC heap after
{Heap after GC invocations=8 (full 0):
 garbage-first heap   total 786432K, used 162854K [0x0000000701c00000, 0x0000000800000000)
  region size 2048K, 4 young (8192K), 4 survivors (8192K)
 Metaspace       used 7536K, committed 7680K, reserved 1056768K
  class space    used 832K, committed 896K, reserved 1048576K
}
Event: 2.132 GC heap before
{Heap before GC invocations=8 (full 0):
 garbage-first heap   total 786432K, used 222246K [0x0000000701c00000, 0x0000000800000000)
  region size 2048K, 33 young (67584K), 4 survivors (8192K)
 Metaspace       used 7536K, committed 7680K, reserved 1056768K
  class space    used 832K, committed 896K, reserved 1048576K
}
Event: 2.175 GC heap after
{Heap after GC invocations=9 (full 0):
 garbage-first heap   total 786432K, used 193156K [0x0000000701c00000, 0x0000000800000000)
  region size 2048K, 5 young (10240K), 5 survivors (10240K)
 Metaspace       used 7536K, committed 7680K, reserved 1056768K
  class space    used 832K, committed 896K, reserved 1048576K
}
Event: 2.189 GC heap before
{Heap before GC invocations=9 (full 0):
 garbage-first heap   total 786432K, used 266884K [0x0000000701c00000, 0x0000000800000000)
  region size 2048K, 41 young (83968K), 5 survivors (10240K)
 Metaspace       used 7536K, committed 7680K, reserved 1056768K
  class space    used 832K, committed 896K, reserved 1048576K
}

