# JRE version: Java(TM) SE Runtime Environment (17.0.1+12) (build 17.0.1+12-LTS-39)
# Java VM: Java HotSpot(TM) 64-Bit Server VM (17.0.1+12-LTS-39, mixed mode, sharing, tiered, compressed oops, compressed class ptrs, g1 gc, windows-amd64)
GC Precious Log:
 CPUs: 4 total, 4 available
 Memory: 16267M
 Large Page Support: Disabled
 NUMA Support: Disabled
 Compressed Oops: Enabled (Zero based)
 Heap Region Size: 2M
 Heap Min Capacity: 8M
 Heap Initial Capacity: 256M
 Heap Max Capacity: 4068M
 Pre-touch: Disabled
 Parallel Workers: 4
 Concurrent Workers: 1
 Concurrent Refinement Workers: 4
 Periodic GC: Disabled
Heap:
 garbage-first heap   total 786432K, used 212290K [0x00000004d6800000, 0x00000005d4c00000)
  region size 2048K, 6 young (12288K), 6 survivors (12288K)
 Metaspace       used 8247K, committed 8448K, reserved 1064960K
  class space    used 864K, committed 960K, reserved 1048576K
GC Heap History (19 events):
Event: 0.585 GC heap before
{Heap before GC invocations=0 (full 0):
 garbage-first heap   total 262144K, used 10240K [0x00000004d6800000, 0x00000005d4c00000)
  region size 2048K, 6 young (12288K), 0 survivors (0K)
 Metaspace       used 4201K, committed 4352K, reserved 1056768K
  class space    used 484K, committed 576K, reserved 1048576K
}
Event: 0.592 GC heap after
{Heap after GC invocations=1 (full 0):
 garbage-first heap   total 262144K, used 8987K [0x00000004d6800000, 0x00000005d4c00000)
  region size 2048K, 1 young (2048K), 1 survivors (2048K)
 Metaspace       used 4201K, committed 4352K, reserved 1056768K
  class space    used 484K, committed 576K, reserved 1048576K
}
Event: 0.594 GC heap before
{Heap before GC invocations=1 (full 0):
 garbage-first heap   total 262144K, used 19227K [0x00000004d6800000, 0x00000005d4c00000)
  region size 2048K, 6 young (12288K), 1 survivors (2048K)
 Metaspace       used 4201K, committed 4352K, reserved 1056768K
  class space    used 484K, committed 576K, reserved 1048576K
}
Event: 0.600 GC heap after
{Heap after GC invocations=2 (full 0):
 garbage-first heap   total 262144K, used 19162K [0x00000004d6800000, 0x00000005d4c00000)
  region size 2048K, 1 young (2048K), 1 survivors (2048K)
 Metaspace       used 4201K, committed 4352K, reserved 1056768K
  class space    used 484K, committed 576K, reserved 1048576K
}
Event: 0.654 GC heap before
{Heap before GC invocations=2 (full 0):
 garbage-first heap   total 262144K, used 29402K [0x00000004d6800000, 0x00000005d4c00000)
  region size 2048K, 7 young (14336K), 1 survivors (2048K)
 Metaspace       used 4984K, committed 5184K, reserved 1056768K
  class space    used 555K, committed 640K, reserved 1048576K
}
Event: 0.660 GC heap after
{Heap after GC invocations=3 (full 0):
 garbage-first heap   total 262144K, used 30387K [0x00000004d6800000, 0x00000005d4c00000)
  region size 2048K, 1 young (2048K), 1 survivors (2048K)
 Metaspace       used 4984K, committed 5184K, reserved 1056768K
  class space    used 555K, committed 640K, reserved 1048576K
}
Event: 2.039 GC heap before
{Heap before GC invocations=3 (full 0):
 garbage-first heap   total 262144K, used 54963K [0x00000004d6800000, 0x00000005d4c00000)
  region size 2048K, 9 young (18432K), 1 survivors (2048K)
 Metaspace       used 7540K, committed 7680K, reserved 1056768K
  class space    used 831K, committed 896K, reserved 1048576K
}
Event: 2.048 GC heap after
{Heap after GC invocations=4 (full 0):
 garbage-first heap   total 262144K, used 51179K [0x00000004d6800000, 0x00000005d4c00000)
  region size 2048K, 2 young (4096K), 2 survivors (4096K)
 Metaspace       used 7540K, committed 7680K, reserved 1056768K
  class space    used 831K, committed 896K, reserved 1048576K
}
Event: 2.057 GC heap before
{Heap before GC invocations=4 (full 0):
 garbage-first heap   total 262144K, used 79851K [0x00000004d6800000, 0x00000005d4c00000)
  region size 2048K, 16 young (32768K), 2 survivors (4096K)
 Metaspace       used 7544K, committed 7680K, reserved 1056768K
  class space    used 832K, committed 896K, reserved 1048576K
}
Event: 2.072 GC heap after
{Heap after GC invocations=5 (full 0):
 garbage-first heap   total 262144K, used 79097K [0x00000004d6800000, 0x00000005d4c00000)
  region size 2048K, 2 young (4096K), 2 survivors (4096K)
 Metaspace       used 7544K, committed 7680K, reserved 1056768K
  class space    used 832K, committed 896K, reserved 1048576K
}
Event: 2.076 GC heap before
{Heap before GC invocations=5 (full 0):
 garbage-first heap   total 262144K, used 107769K [0x00000004d6800000, 0x00000005d4c00000)
  region size 2048K, 16 young (32768K), 2 survivors (4096K)
 Metaspace       used 7544K, committed 7680K, reserved 1056768K
  class space    used 832K, committed 896K, reserved 1048576K
}
Event: 2.092 GC heap after
{Heap after GC invocations=6 (full 0):
 garbage-first heap   total 786432K, used 107657K [0x00000004d6800000, 0x00000005d4c00000)
  region size 2048K, 2 young (4096K), 2 survivors (4096K)
 Metaspace       used 7544K, committed 7680K, reserved 1056768K
  class space    used 832K, committed 896K, reserved 1048576K
}
Event: 2.115 GC heap before
{Heap before GC invocations=6 (full 0):
 garbage-first heap   total 786432K, used 144521K [0x00000004d6800000, 0x00000005d4c00000)
  region size 2048K, 20 young (40960K), 2 survivors (4096K)
 Metaspace       used 7544K, committed 7680K, reserved 1056768K
  class space    used 832K, committed 896K, reserved 1048576K
}
Event: 2.135 GC heap after
{Heap after GC invocations=7 (full 0):
 garbage-first heap   total 786432K, used 144522K [0x00000004d6800000, 0x00000005d4c00000)
  region size 2048K, 3 young (6144K), 3 survivors (6144K)
 Metaspace       used 7544K, committed 7680K, reserved 1056768K
  class space    used 832K, committed 896K, reserved 1048576K
}
Event: 2.146 GC heap before
{Heap before GC invocations=7 (full 0):
 garbage-first heap   total 786432K, used 191626K [0x00000004d6800000, 0x00000005d4c00000)
  region size 2048K, 26 young (53248K), 3 survivors (6144K)
 Metaspace       used 7544K, committed 7680K, reserved 1056768K
  class space    used 832K, committed 896K, reserved 1048576K
}
Event: 2.156 GC heap after
{Heap after GC invocations=8 (full 0):
 garbage-first heap   total 786432K, used 162739K [0x00000004d6800000, 0x00000005d4c00000)
  region size 2048K, 4 young (8192K), 4 survivors (8192K)
 Metaspace       used 7544K, committed 7680K, reserved 1056768K
  class space    used 832K, committed 896K, reserved 1048576K
}
Event: 2.169 GC heap before
{Heap before GC invocations=8 (full 0):
 garbage-first heap   total 786432K, used 224179K [0x00000004d6800000, 0x00000005d4c00000)
  region size 2048K, 34 young (69632K), 4 survivors (8192K)
 Metaspace       used 7544K, committed 7680K, reserved 1056768K
  class space    used 832K, committed 896K, reserved 1048576K
}
Event: 2.186 GC heap after
{Heap after GC invocations=9 (full 0):
 garbage-first heap   total 786432K, used 195472K [0x00000004d6800000, 0x00000005d4c00000)
  region size 2048K, 5 young (10240K), 5 survivors (10240K)
 Metaspace       used 7544K, committed 7680K, reserved 1056768K
  class space    used 832K, committed 896K, reserved 1048576K
}
Event: 3.778 GC heap before
{Heap before GC invocations=9 (full 0):
 garbage-first heap   total 786432K, used 273296K [0x00000004d6800000, 0x00000005d4c00000)
  region size 2048K, 43 young (88064K), 5 survivors (10240K)
 Metaspace       used 8247K, committed 8448K, reserved 1064960K
  class space    used 864K, committed 960K, reserved 1048576K
}

